c:\dev\cpp\commandlineminigames\battleship\x64\debug\vc145.pdb
c:\dev\cpp\commandlineminigames\battleship\x64\debug\vc145.idb
c:\dev\cpp\commandlineminigames\battleship\x64\debug\vessel.obj
c:\dev\cpp\commandlineminigames\battleship\x64\debug\placement.obj
c:\dev\cpp\commandlineminigames\battleship\x64\debug\main.obj
c:\dev\cpp\commandlineminigames\battleship\x64\debug\battleshipboard.obj
c:\dev\cpp\commandlineminigames\battleship\x64\debug\battleship.obj
c:\dev\cpp\commandlineminigames\x64\debug\battleship.pdb
c:\dev\cpp\commandlineminigames\battleship\x64\debug\battleship.tlog\cl.command.1.tlog
c:\dev\cpp\commandlineminigames\battleship\x64\debug\battleship.tlog\cl.read.1.tlog
c:\dev\cpp\commandlineminigames\battleship\x64\debug\battleship.tlog\cl.write.1.tlog
c:\dev\cpp\commandlineminigames\battleship\x64\debug\battleship.tlog\link-cvtres.read.1.tlog
c:\dev\cpp\commandlineminigames\battleship\x64\debug\battleship.tlog\link-cvtres.write.1.tlog
c:\dev\cpp\commandlineminigames\battleship\x64\debug\battleship.tlog\link-rc.read.1.tlog
c:\dev\cpp\commandlineminigames\battleship\x64\debug\battleship.tlog\link-rc.write.1.tlog
c:\dev\cpp\commandlineminigames\battleship\x64\debug\battleship.tlog\link.command.1.tlog
c:\dev\cpp\commandlineminigames\battleship\x64\debug\battleship.tlog\link.read.1.tlog
c:\dev\cpp\commandlineminigames\battleship\x64\debug\battleship.tlog\link.read.2.tlog
c:\dev\cpp\commandlineminigames\battleship\x64\debug\battleship.tlog\link.read.3.tlog
c:\dev\cpp\commandlineminigames\battleship\x64\debug\battleship.tlog\link.read.4.tlog
c:\dev\cpp\commandlineminigames\battleship\x64\debug\battleship.tlog\link.write.1.tlog
