c:\dev\cpp\commandlineminigames\tictactoe\x64\debug\vc145.pdb
c:\dev\cpp\commandlineminigames\tictactoe\x64\debug\vc145.idb
c:\dev\cpp\commandlineminigames\tictactoe\x64\debug\tictactoe.obj
c:\dev\cpp\commandlineminigames\tictactoe\x64\debug\player.obj
c:\dev\cpp\commandlineminigames\tictactoe\x64\debug\main.obj
c:\dev\cpp\commandlineminigames\tictactoe\x64\debug\log.obj
c:\dev\cpp\commandlineminigames\tictactoe\x64\debug\human_player.obj
c:\dev\cpp\commandlineminigames\tictactoe\x64\debug\game.obj
c:\dev\cpp\commandlineminigames\tictactoe\x64\debug\ai.obj
c:\dev\cpp\commandlineminigames\tictactoe\x64\debug\move.obj
c:\dev\cpp\commandlineminigames\tictactoe\x64\debug\boardtictactoe.obj
c:\dev\cpp\commandlineminigames\x64\debug\tictactoe.exe
c:\dev\cpp\commandlineminigames\x64\debug\tictactoe.pdb
c:\dev\cpp\commandlineminigames\tictactoe\x64\debug\tictactoe.ilk
c:\dev\cpp\commandlineminigames\tictactoe\x64\debug\tictactoe.tlog\cl.command.1.tlog
c:\dev\cpp\commandlineminigames\tictactoe\x64\debug\tictactoe.tlog\cl.items.tlog
c:\dev\cpp\commandlineminigames\tictactoe\x64\debug\tictactoe.tlog\cl.read.1.tlog
c:\dev\cpp\commandlineminigames\tictactoe\x64\debug\tictactoe.tlog\cl.write.1.tlog
c:\dev\cpp\commandlineminigames\tictactoe\x64\debug\tictactoe.tlog\link.command.1.tlog
c:\dev\cpp\commandlineminigames\tictactoe\x64\debug\tictactoe.tlog\link.read.1.tlog
c:\dev\cpp\commandlineminigames\tictactoe\x64\debug\tictactoe.tlog\link.secondary.1.tlog
c:\dev\cpp\commandlineminigames\tictactoe\x64\debug\tictactoe.tlog\link.write.1.tlog
